This is XeTeX, Version 3.1415926-2.5-0.9999.3 (TeX Live 2013/Debian) (format=xelatex 2017.12.15)  15 DEC 2017 14:00
entering extended mode
 \write18 enabled.
 %&-line parsing enabled.
**report.tex
(./report.tex
LaTeX2e <2011/06/27>
Babel <3.9h> and hyphenation patterns for 2 languages loaded.
(/usr/share/texlive/texmf-dist/tex/latex/base/report.cls
Document Class: report 2007/10/19 v1.4h Standard LaTeX document class
(/usr/share/texlive/texmf-dist/tex/latex/base/size10.clo
File: size10.clo 2007/10/19 v1.4h Standard LaTeX file (size option)
)
\c@part=\count80
\c@chapter=\count81
\c@section=\count82
\c@subsection=\count83
\c@subsubsection=\count84
\c@paragraph=\count85
\c@subparagraph=\count86
\c@figure=\count87
\c@table=\count88
\abovecaptionskip=\skip41
\belowcaptionskip=\skip42
\bibindent=\dimen102
)
(/usr/share/texlive/texmf-dist/tex/generic/babel/babel.sty
Package: babel 2013/12/03 3.9h The Babel package

(/usr/share/texlive/texmf-dist/tex/generic/babel-english/english.ldf
Language: english 2012/08/20 v3.3p English support from the babel system

(/usr/share/texlive/texmf-dist/tex/generic/babel/babel.def
File: babel.def 2013/12/03 3.9h Babel common definitions
\babel@savecnt=\count89
\U@D=\dimen103

(/usr/share/texlive/texmf-dist/tex/generic/babel/xebabel.def))
\l@british = a dialect from \language\l@english 
\l@UKenglish = a dialect from \language\l@english 
\l@canadian = a dialect from \language\l@american 
\l@australian = a dialect from \language\l@british 
\l@newzealand = a dialect from \language\l@british 
))
(/usr/share/texlive/texmf-dist/tex/latex/geometry/geometry.sty
Package: geometry 2010/09/12 v5.6 Page Geometry

(/usr/share/texlive/texmf-dist/tex/latex/graphics/keyval.sty
Package: keyval 1999/03/16 v1.13 key=value parser (DPC)
\KV@toks@=\toks14
)
(/usr/share/texlive/texmf-dist/tex/generic/oberdiek/ifpdf.sty
Package: ifpdf 2011/01/30 v2.3 Provides the ifpdf switch (HO)
Package ifpdf Info: pdfTeX in PDF mode is not detected.
)
(/usr/share/texlive/texmf-dist/tex/generic/oberdiek/ifvtex.sty
Package: ifvtex 2010/03/01 v1.5 Detect VTeX and its facilities (HO)
Package ifvtex Info: VTeX not detected.
)
(/usr/share/texlive/texmf-dist/tex/generic/ifxetex/ifxetex.sty
Package: ifxetex 2010/09/12 v0.6 Provides ifxetex conditional
)
\Gm@cnth=\count90
\Gm@cntv=\count91
\c@Gm@tempcnt=\count92
\Gm@bindingoffset=\dimen104
\Gm@wd@mp=\dimen105
\Gm@odd@mp=\dimen106
\Gm@even@mp=\dimen107
\Gm@layoutwidth=\dimen108
\Gm@layoutheight=\dimen109
\Gm@layouthoffset=\dimen110
\Gm@layoutvoffset=\dimen111
\Gm@dimlist=\toks15
)
(/usr/share/texlive/texmf-dist/tex/latex/subfiles/subfiles.sty
Package: subfiles 2012/05/23 Federico Garcia

(/usr/share/texlive/texmf-dist/tex/latex/tools/verbatim.sty
Package: verbatim 2003/08/22 v1.5q LaTeX2e package for verbatim enhancements
\every@verbatim=\toks16
\verbatim@line=\toks17
\verbatim@in@stream=\read1
))
(/usr/share/texlive/texmf-dist/tex/latex/enumitem/enumitem.sty
Package: enumitem 2011/09/28 v3.5.2 Customized lists
\labelindent=\skip43
\enit@outerparindent=\dimen112
\enit@toks=\toks18
\enit@inbox=\box26
\enitdp@description=\count93
)
(/usr/share/texlive/texmf-dist/tex/latex/minted/minted.sty
Package: minted 2011/09/17 v1.7 Yet another Pygments shim for LaTeX

(/usr/share/texlive/texmf-dist/tex/latex/fancyvrb/fancyvrb.sty
Package: fancyvrb 2008/02/07

Style option: `fancyvrb' v2.7a, with DG/SPQR fixes, and firstline=lastline fix 
<2008/02/07> (tvz)
\FV@CodeLineNo=\count94
\FV@InFile=\read2
\FV@TabBox=\box27
\c@FancyVerbLine=\count95
\FV@StepNumber=\count96
\FV@OutFile=\write3
) (/usr/share/texmf/tex/latex/xcolor/xcolor.sty
Package: xcolor 2007/01/21 v2.11 LaTeX color extensions (UK)

(/usr/share/texlive/texmf-dist/tex/latex/latexconfig/color.cfg
File: color.cfg 2007/01/18 v1.5 color configuration of teTeX/TeXLive
)
Package xcolor Info: Driver file: xetex.def on input line 225.

(/usr/share/texlive/texmf-dist/tex/xelatex/xetex-def/xetex.def
File: xetex.def 2013/04/29 v0.96 LaTeX color/graphics driver for XeTeX (RRM/JK)

)
Package xcolor Info: Model `cmy' substituted by `cmy0' on input line 1337.
Package xcolor Info: Model `RGB' extended on input line 1353.
Package xcolor Info: Model `HTML' substituted by `rgb' on input line 1355.
Package xcolor Info: Model `Hsb' substituted by `hsb' on input line 1356.
Package xcolor Info: Model `tHsb' substituted by `hsb' on input line 1357.
Package xcolor Info: Model `HSB' substituted by `hsb' on input line 1358.
Package xcolor Info: Model `Gray' substituted by `gray' on input line 1359.
Package xcolor Info: Model `wave' substituted by `hsb' on input line 1360.
)
(/usr/share/texlive/texmf-dist/tex/latex/float/float.sty
Package: float 2001/11/08 v1.3d Float enhancements (AL)
\c@float@type=\count97
\float@exts=\toks19
\float@box=\box28
\@float@everytoks=\toks20
\@floatcapt=\box29
)
(/usr/share/texlive/texmf-dist/tex/latex/base/ifthen.sty
Package: ifthen 2001/05/26 v1.1c Standard LaTeX ifthen package (DPC)
)
(/usr/share/texlive/texmf-dist/tex/latex/tools/calc.sty
Package: calc 2007/08/22 v4.3 Infix arithmetic (KKT,FJ)
\calc@Acount=\count98
\calc@Bcount=\count99
\calc@Adimen=\dimen113
\calc@Bdimen=\dimen114
\calc@Askip=\skip44
\calc@Bskip=\skip45
LaTeX Info: Redefining \setlength on input line 76.
LaTeX Info: Redefining \addtolength on input line 77.
\calc@Ccount=\count100
\calc@Cskip=\skip46
)
(/usr/share/texlive/texmf-dist/tex/latex/ifplatform/ifplatform.sty
Package: ifplatform 2010/10/22 v0.4 Testing for the operating system

(/usr/share/texlive/texmf-dist/tex/generic/oberdiek/pdftexcmds.sty
Package: pdftexcmds 2011/11/29 v0.20 Utility functions of pdfTeX for LuaTeX (HO
)

(/usr/share/texlive/texmf-dist/tex/generic/oberdiek/infwarerr.sty
Package: infwarerr 2010/04/08 v1.3 Providing info/warning/error messages (HO)
)
(/usr/share/texlive/texmf-dist/tex/generic/oberdiek/ifluatex.sty
Package: ifluatex 2010/03/01 v1.3 Provides the ifluatex switch (HO)
Package ifluatex Info: LuaTeX not detected.
)
(/usr/share/texlive/texmf-dist/tex/generic/oberdiek/ltxcmds.sty
Package: ltxcmds 2011/11/09 v1.22 LaTeX kernel commands for general use (HO)
)
Package pdftexcmds Info: LuaTeX not detected.
Package pdftexcmds Info: pdfTeX >= 1.30 not detected.
Package pdftexcmds Info: \pdf@primitive is available.
Package pdftexcmds Info: \pdf@ifprimitive is available.
Package pdftexcmds Info: \pdfdraftmode not found.
)
(/usr/share/texlive/texmf-dist/tex/generic/oberdiek/catchfile.sty
Package: catchfile 2011/03/01 v1.6 Catch the contents of a file (HO)

(/usr/share/texlive/texmf-dist/tex/generic/oberdiek/etexcmds.sty
Package: etexcmds 2011/02/16 v1.5 Avoid name clashes with e-TeX commands (HO)
Package etexcmds Info: Could not find \expanded.
(etexcmds)             That can mean that you are not using pdfTeX 1.50 or
(etexcmds)             that some package has redefined \expanded.
(etexcmds)             In the latter case, load this package earlier.
))
runsystem(uname -s > "report.w18")...executed.


(./report.w18)
runsystem(rm -- "report.w18")...executed.

)

! LaTeX Error: Unknown option `cache=false' for package `minted'.

See the LaTeX manual or LaTeX Companion for explanation.
Type  H <return>  for immediate help.
 ...                                              
                                                  
l.38 \ProcessOptions\relax
                          
The option `cache=false' was not declared in package `minted', perhaps you
misspelled its name. Try typing  <return>  to proceed.


! LaTeX Error: Unknown option `outputdir=.pdf' for package `minted'.

See the LaTeX manual or LaTeX Companion for explanation.
Type  H <return>  for immediate help.
 ...                                              
                                                  
l.38 \ProcessOptions\relax
                          
The option `outputdir=.pdf' was not declared in package `minted', perhaps you
misspelled its name. Try typing  <return>  to proceed.

\minted@bgbox=\box30
\minted@code=\write4
\@float@every@listing=\toks21
\c@listing=\count101
)
runsystem(which pygmentize && touch report.aex)...executed.

runsystem(rm report.aex)...executed.

runsystem(pygmentize -S borland -f latex > report.pyg)...executed.

 (../pdf/report.pyg

! LaTeX Error: Missing \begin{document}.

See the LaTeX manual or LaTeX Companion for explanation.
Type  H <return>  for immediate help.
 ...                                              
                                                  
l.1 O
     BTAIN the new event name
You're in trouble here.  Try typing  <return>  to proceed.
If that doesn't work, type  X <return>  to quit.

) (/usr/share/texlive/texmf-dist/tex/latex/graphics/graphicx.sty
Package: graphicx 1999/02/16 v1.0f Enhanced LaTeX Graphics (DPC,SPQR)

(/usr/share/texlive/texmf-dist/tex/latex/graphics/graphics.sty
Package: graphics 2009/02/05 v1.0o Standard LaTeX Graphics (DPC,SPQR)

(/usr/share/texlive/texmf-dist/tex/latex/graphics/trig.sty
Package: trig 1999/03/16 v1.09 sin cos tan (DPC)
)
(/usr/share/texlive/texmf-dist/tex/latex/latexconfig/graphics.cfg
File: graphics.cfg 2010/04/23 v1.9 graphics configuration of TeX Live

Underfull \hbox (badness 10000) in paragraph at lines 1--5

 []

)
Package graphics Info: Driver file: xetex.def on input line 91.
)
\Gin@req@height=\dimen115
\Gin@req@width=\dimen116
) (/usr/share/texlive/texmf-dist/tex/latex/tools/tabularx.sty
Package: tabularx 1999/01/07 v2.07 `tabularx' package (DPC)

(/usr/share/texlive/texmf-dist/tex/latex/tools/array.sty
Package: array 2008/09/09 v2.4c Tabular extension package (FMi)
\col@sep=\dimen117
\extrarowheight=\dimen118
\NC@list=\toks22
\extratabsurround=\skip47
\backup@length=\skip48
)
\TX@col@width=\dimen119
\TX@old@table=\dimen120
\TX@old@col=\dimen121
\TX@target=\dimen122
\TX@delta=\dimen123
\TX@cols=\count102
\TX@ftn=\toks23
)
(/usr/share/texlive/texmf-dist/tex/latex/ltablex/ltablex.sty
Package: ltablex 1995/11/06 v1.0 Modified tabularx

(/usr/share/texlive/texmf-dist/tex/latex/tools/longtable.sty
Package: longtable 2004/02/01 v4.11 Multi-page Table package (DPC)
\LTleft=\skip49
\LTright=\skip50
\LTpre=\skip51
\LTpost=\skip52
\LTchunksize=\count103
\LTcapwidth=\dimen124
\LT@head=\box31
\LT@firsthead=\box32
\LT@foot=\box33
\LT@lastfoot=\box34
\LT@cols=\count104
\LT@rows=\count105
\c@LT@tables=\count106
\c@LT@chunks=\count107
\LT@p@ftn=\toks24
))
(/usr/share/texlive/texmf-dist/tex/latex/booktabs/booktabs.sty
Package: booktabs 2005/04/14 v1.61803 publication quality tables
\heavyrulewidth=\dimen125
\lightrulewidth=\dimen126
\cmidrulewidth=\dimen127
\belowrulesep=\dimen128
\belowbottomsep=\dimen129
\aboverulesep=\dimen130
\abovetopsep=\dimen131
\cmidrulesep=\dimen132
\cmidrulekern=\dimen133
\defaultaddspace=\dimen134
\@cmidla=\count108
\@cmidlb=\count109
\@aboverulesep=\dimen135
\@belowrulesep=\dimen136
\@thisruleclass=\count110
\@lastruleclass=\count111
\@thisrulewidth=\dimen137
)
(/usr/share/texlive/texmf-dist/tex/latex/multirow/multirow.sty
\bigstrutjot=\dimen138
)
(/usr/share/texlive/texmf-dist/tex/latex/tocloft/tocloft.sty
Package: tocloft 2013/05/02 v2.3f parameterised ToC, etc., typesetting
Package tocloft Info: The document has chapter divisions on input line 44.
\cftparskip=\skip53
\cftbeforetoctitleskip=\skip54
\cftaftertoctitleskip=\skip55
\cftbeforepartskip=\skip56
\cftpartnumwidth=\skip57
\cftpartindent=\skip58
\cftbeforechapskip=\skip59
\cftchapindent=\skip60
\cftchapnumwidth=\skip61
\cftbeforesecskip=\skip62
\cftsecindent=\skip63
\cftsecnumwidth=\skip64
\cftbeforesubsecskip=\skip65
\cftsubsecindent=\skip66
\cftsubsecnumwidth=\skip67
\cftbeforesubsubsecskip=\skip68
\cftsubsubsecindent=\skip69
\cftsubsubsecnumwidth=\skip70
\cftbeforeparaskip=\skip71
\cftparaindent=\skip72
\cftparanumwidth=\skip73
\cftbeforesubparaskip=\skip74
\cftsubparaindent=\skip75
\cftsubparanumwidth=\skip76
\cftbeforeloftitleskip=\skip77
\cftafterloftitleskip=\skip78
\cftbeforefigskip=\skip79
\cftfigindent=\skip80
\cftfignumwidth=\skip81
\c@lofdepth=\count112
\c@lotdepth=\count113
\cftbeforelottitleskip=\skip82
\cftafterlottitleskip=\skip83
\cftbeforetabskip=\skip84
\cfttabindent=\skip85
\cfttabnumwidth=\skip86
)
(/usr/share/texlive/texmf-dist/tex/latex/fontspec/fontspec.sty
Package: fontspec 2013/05/20 v2.3c Font selection for XeLaTeX and LuaLaTeX

(/usr/share/texlive/texmf-dist/tex/latex/l3kernel/expl3.sty
(/usr/share/texlive/texmf-dist/tex/latex/l3kernel/l3names.sty
(/usr/share/texlive/texmf-dist/tex/latex/l3kernel/l3bootstrap.sty
Package: l3bootstrap 2014/01/04 v4640 L3 Experimental bootstrap code
)
Package: l3names 2014/01/04 v4640 L3 Namespace for primitives
)
(/usr/share/texlive/texmf-dist/tex/latex/etex-pkg/etex.sty
Package: etex 1998/03/26 v2.0 eTeX basic definition package (PEB)
\et@xins=\count114
)
Package: expl3 2014/01/07 v4646 L3 Experimental code bundle wrapper

(/usr/share/texlive/texmf-dist/tex/latex/l3kernel/l3basics.sty
Package: l3basics 2014/01/04 v4642 L3 Basic definitions
)
(/usr/share/texlive/texmf-dist/tex/latex/l3kernel/l3expan.sty
Package: l3expan 2014/01/04 v4642 L3 Argument expansion
)
(/usr/share/texlive/texmf-dist/tex/latex/l3kernel/l3tl.sty
Package: l3tl 2013/12/27 v4625 L3 Token lists
)
(/usr/share/texlive/texmf-dist/tex/latex/l3kernel/l3seq.sty
Package: l3seq 2013/12/14 v4623 L3 Sequences and stacks
)
(/usr/share/texlive/texmf-dist/tex/latex/l3kernel/l3int.sty
Package: l3int 2013/08/02 v4583 L3 Integers
\c_max_int=\count115
\l_tmpa_int=\count116
\l_tmpb_int=\count117
\g_tmpa_int=\count118
\g_tmpb_int=\count119
)
(/usr/share/texlive/texmf-dist/tex/latex/l3kernel/l3quark.sty
Package: l3quark 2013/12/14 v4623 L3 Quarks
)
(/usr/share/texlive/texmf-dist/tex/latex/l3kernel/l3prg.sty
Package: l3prg 2014/01/04 v4642 L3 Control structures
\g__prg_map_int=\count120
)
(/usr/share/texlive/texmf-dist/tex/latex/l3kernel/l3clist.sty
Package: l3clist 2013/07/28 v4581 L3 Comma separated lists
)
(/usr/share/texlive/texmf-dist/tex/latex/l3kernel/l3token.sty
Package: l3token 2013/08/25 v4587 L3 Experimental token manipulation
)
(/usr/share/texlive/texmf-dist/tex/latex/l3kernel/l3prop.sty
Package: l3prop 2013/12/14 v4623 L3 Property lists
)
(/usr/share/texlive/texmf-dist/tex/latex/l3kernel/l3msg.sty
Package: l3msg 2013/07/28 v4581 L3 Messages
)
(/usr/share/texlive/texmf-dist/tex/latex/l3kernel/l3file.sty
Package: l3file 2013/10/13 v4596 L3 File and I/O operations
\l_iow_line_count_int=\count121
\l__iow_target_count_int=\count122
\l__iow_current_line_int=\count123
\l__iow_current_word_int=\count124
\l__iow_current_indentation_int=\count125
)
(/usr/share/texlive/texmf-dist/tex/latex/l3kernel/l3skip.sty
Package: l3skip 2013/07/28 v4581 L3 Dimensions and skips
\c_zero_dim=\dimen139
\c_max_dim=\dimen140
\l_tmpa_dim=\dimen141
\l_tmpb_dim=\dimen142
\g_tmpa_dim=\dimen143
\g_tmpb_dim=\dimen144
\c_zero_skip=\skip87
\c_max_skip=\skip88
\l_tmpa_skip=\skip89
\l_tmpb_skip=\skip90
\g_tmpa_skip=\skip91
\g_tmpb_skip=\skip92
\c_zero_muskip=\muskip10
\c_max_muskip=\muskip11
\l_tmpa_muskip=\muskip12
\l_tmpb_muskip=\muskip13
\g_tmpa_muskip=\muskip14
\g_tmpb_muskip=\muskip15
)
(/usr/share/texlive/texmf-dist/tex/latex/l3kernel/l3keys.sty
Package: l3keys 2013/12/08 v4614 L3 Experimental key-value interfaces
\g__keyval_level_int=\count126
\l_keys_choice_int=\count127
)
(/usr/share/texlive/texmf-dist/tex/latex/l3kernel/l3fp.sty
Package: l3fp 2014/01/04 v4642 L3 Floating points
\c__fp_leading_shift_int=\count128
\c__fp_middle_shift_int=\count129
\c__fp_trailing_shift_int=\count130
\c__fp_big_leading_shift_int=\count131
\c__fp_big_middle_shift_int=\count132
\c__fp_big_trailing_shift_int=\count133
\c__fp_Bigg_leading_shift_int=\count134
\c__fp_Bigg_middle_shift_int=\count135
\c__fp_Bigg_trailing_shift_int=\count136
)
(/usr/share/texlive/texmf-dist/tex/latex/l3kernel/l3box.sty
Package: l3box 2013/07/28 v4581 L3 Experimental boxes
\c_empty_box=\box35
\l_tmpa_box=\box36
\l_tmpb_box=\box37
\g_tmpa_box=\box38
\g_tmpb_box=\box39
)
(/usr/share/texlive/texmf-dist/tex/latex/l3kernel/l3coffins.sty
Package: l3coffins 2013/12/14 v4624 L3 Coffin code layer
\l__coffin_internal_box=\box40
\l__coffin_internal_dim=\dimen145
\l__coffin_offset_x_dim=\dimen146
\l__coffin_offset_y_dim=\dimen147
\l__coffin_x_dim=\dimen148
\l__coffin_y_dim=\dimen149
\l__coffin_x_prime_dim=\dimen150
\l__coffin_y_prime_dim=\dimen151
\c_empty_coffin=\box41
\l__coffin_aligned_coffin=\box42
\l__coffin_aligned_internal_coffin=\box43
\l_tmpa_coffin=\box44
\l_tmpb_coffin=\box45
\l__coffin_display_coffin=\box46
\l__coffin_display_coord_coffin=\box47
\l__coffin_display_pole_coffin=\box48
\l__coffin_display_offset_dim=\dimen152
\l__coffin_display_x_dim=\dimen153
\l__coffin_display_y_dim=\dimen154
)
(/usr/share/texlive/texmf-dist/tex/latex/l3kernel/l3color.sty
Package: l3color 2012/08/29 v4156 L3 Experimental color support
)
(/usr/share/texlive/texmf-dist/tex/latex/l3kernel/l3luatex.sty
Package: l3luatex 2013/07/28 v4581 L3 Experimental LuaTeX-specific functions
\g__cctab_allocate_int=\count137
\g__cctab_stack_int=\count138
)
(/usr/share/texlive/texmf-dist/tex/latex/l3kernel/l3candidates.sty
Package: l3candidates 2014/01/06 v4643 L3 Experimental additions to l3kernel
\l__box_top_dim=\dimen155
\l__box_bottom_dim=\dimen156
\l__box_left_dim=\dimen157
\l__box_right_dim=\dimen158
\l__box_top_new_dim=\dimen159
\l__box_bottom_new_dim=\dimen160
\l__box_left_new_dim=\dimen161
\l__box_right_new_dim=\dimen162
\l__box_internal_box=\box49
\l__coffin_bounding_shift_dim=\dimen163
\l__coffin_left_corner_dim=\dimen164
\l__coffin_right_corner_dim=\dimen165
\l__coffin_bottom_corner_dim=\dimen166
\l__coffin_top_corner_dim=\dimen167
\l__coffin_scaled_total_height_dim=\dimen168
\l__coffin_scaled_width_dim=\dimen169
))
(/usr/share/texlive/texmf-dist/tex/latex/l3packages/xparse/xparse.sty
Package: xparse 2013/12/31 v4634 L3 Experimental document command parser
\l__xparse_current_arg_int=\count139
\l__xparse_m_args_int=\count140
\l__xparse_mandatory_args_int=\count141
\l__xparse_processor_int=\count142
\l__xparse_v_nesting_int=\count143
)
\l_fontspec_script_int=\count144
\l_fontspec_language_int=\count145
\l_fontspec_strnum_int=\count146
\l_fontspec_tmpa_dim=\dimen170
\l_fontspec_tmpb_dim=\dimen171
\l_fontspec_tmpc_dim=\dimen172
Variant \tl_gset:cV already defined; not changing it on line 69

(/usr/share/texlive/texmf-dist/tex/latex/fontspec/fontspec-patches.sty
Package: fontspec-patches 2013/05/20 v2.3c Font selection for XeLaTeX and LuaLa
TeX

(/usr/share/texlive/texmf-dist/tex/latex/base/fixltx2e.sty
Package: fixltx2e 2006/09/13 v1.1m fixes to LaTeX
LaTeX Info: Redefining \em on input line 420.
)
LaTeX Info: Redefining \em on input line 22.
LaTeX Info: Redefining \emph on input line 30.
LaTeX Info: Redefining \- on input line 33.

*************************************************
* LaTeX warning: "xparse/redefine-command"
* 
* Redefining document command \oldstylenums with arg. spec. 'm' on line 128.
*************************************************
.................................................
. LaTeX info: "xparse/define-command"
. 
. Defining document command \liningnums with arg. spec. 'm' on line 132.
.................................................
) (/usr/share/texlive/texmf-dist/tex/latex/fontspec/fontspec-xetex.sty
Package: fontspec-xetex 2013/05/20 v2.3c Font selection for XeLaTeX and LuaLaTe
X

(/usr/share/texlive/texmf-dist/tex/latex/base/fontenc.sty
Package: fontenc 2005/09/27 v1.99g Standard LaTeX package

(/usr/share/texlive/texmf-dist/tex/latex/euenc/eu1enc.def
File: eu1enc.def 2010/05/27 v0.1h Experimental Unicode font encodings
)
LaTeX Font Info:    Try loading font information for EU1+lmr on input line 100.


(/usr/share/texlive/texmf-dist/tex/latex/euenc/eu1lmr.fd
File: eu1lmr.fd 2009/10/30 v1.6 Font defs for Latin Modern
))
(/usr/share/texlive/texmf-dist/tex/xelatex/xunicode/xunicode.sty
File: xunicode.sty 2011/09/09 v0.981 provides access to latin accents and many 
other characters in Unicode lower plane

(/usr/share/texmf/tex/latex/tipa/t3enc.def
File: t3enc.def 2001/12/31 T3 encoding
LaTeX Font Info:    Try loading font information for EU1+lmss on input line 357
.

(/usr/share/texlive/texmf-dist/tex/latex/euenc/eu1lmss.fd
File: eu1lmss.fd 2009/10/30 v1.6 Font defs for Latin Modern
))
\tipaTiiicode=\count147
\tipasavetokens=\toks25
\tipachecktokens=\toks26
)
.................................................
. LaTeX info: "xparse/define-command"
. 
. Defining document command \fontspec with arg. spec. 'O{}m' on line 41.
.................................................
.................................................
. LaTeX info: "xparse/define-command"
. 
. Defining document command \setmainfont with arg. spec. 'O{}m' on line 46.
.................................................
.................................................
. LaTeX info: "xparse/define-command"
. 
. Defining document command \setsansfont with arg. spec. 'O{}m' on line 51.
.................................................
.................................................
. LaTeX info: "xparse/define-command"
. 
. Defining document command \setmonofont with arg. spec. 'O{}m' on line 56.
.................................................
.................................................
. LaTeX info: "xparse/define-command"
. 
. Defining document command \setmathrm with arg. spec. 'O{}m' on line 65.
.................................................
.................................................
. LaTeX info: "xparse/define-command"
. 
. Defining document command \setboldmathrm with arg. spec. 'O{}m' on line 69.
.................................................
.................................................
. LaTeX info: "xparse/define-command"
. 
. Defining document command \setmathsf with arg. spec. 'O{}m' on line 73.
.................................................
.................................................
. LaTeX info: "xparse/define-command"
. 
. Defining document command \setmathtt with arg. spec. 'O{}m' on line 77.
.................................................
.................................................
. LaTeX info: "xparse/define-command"
. 
. Defining document command \newfontfamily with arg. spec. 'mO{}m' on line 96.
.................................................
.................................................
. LaTeX info: "xparse/define-command"
. 
. Defining document command \newfontface with arg. spec. 'mO{}m' on line 100.
.................................................
.................................................
. LaTeX info: "xparse/define-command"
. 
. Defining document command \defaultfontfeatures with arg. spec. 'om' on line
. 108.
.................................................
.................................................
. LaTeX info: "xparse/define-command"
. 
. Defining document command \addfontfeatures with arg. spec. 'm' on line 144.
.................................................
.................................................
. LaTeX info: "xparse/define-command"
. 
. Defining document command \newfontfeature with arg. spec. 'mm' on line 156.
.................................................
.................................................
. LaTeX info: "xparse/define-command"
. 
. Defining document command \newAATfeature with arg. spec. 'mmmm' on line 164.
.................................................
.................................................
. LaTeX info: "xparse/define-command"
. 
. Defining document command \newICUfeature with arg. spec. 'mmm' on line 172.
.................................................
.................................................
. LaTeX info: "xparse/define-command"
. 
. Defining document command \aliasfontfeature with arg. spec. 'mm' on line
. 201.
.................................................
.................................................
. LaTeX info: "xparse/define-command"
. 
. Defining document command \aliasfontfeatureoption with arg. spec. 'mmm' on
. line 203.
.................................................
.................................................
. LaTeX info: "xparse/define-command"
. 
. Defining document command \newfontscript with arg. spec. 'mm' on line 208.
.................................................
.................................................
. LaTeX info: "xparse/define-command"
. 
. Defining document command \newfontlanguage with arg. spec. 'mm' on line 235.
.................................................
.................................................
. LaTeX info: "xparse/define-command"
. 
. Defining document command \DeclareFontsExtensions with arg. spec. 'm' on
. line 256.
.................................................
Variant \prop_gput:cnV already defined; not changing it on line 582
Variant \prop_gput:cnx already defined; not changing it on line 583
\l_fontspec_tmp_int=\count148
LaTeX Info: Redefining \itshape on input line 2087.
LaTeX Info: Redefining \slshape on input line 2092.
LaTeX Info: Redefining \scshape on input line 2097.
LaTeX Info: Redefining \upshape on input line 2102.

(/usr/share/texlive/texmf-dist/tex/latex/fontspec/fontspec.cfg)))
\g__file_internal_ior=\read3
\g_fontspec_family_LibertineRegular_int=\count149
.................................................
. fontspec info: "defining-font"
. 
. Font family 'LibertineRegular(0)' created for font 'LibertineRegular' with
. options [ ExternalLocation=.fonts/, Ligatures=TeX,
. BoldFont={LibertineBold.ttf}, BoldItalicFont={LibertineBoldItalic.ttf},
. ItalicFont={LibertineRegularItalic.ttf} ].
. 
. This font family consists of the following shapes:
. 
. * 'normal' with NFSS spec.:
. 
. <->"[.fonts/LibertineRegular]/ICU:script=latn;language=DFLT;mapping=tex-text;
"
. 
. * 'small caps' with NFSS spec.:
. 
. <->"[.fonts/LibertineRegular]/ICU:script=latn;language=DFLT;mapping=tex-text;
+smcp;"
. 
. * 'bold' with NFSS spec.:
. 
. <->"[.fonts/LibertineBold.ttf]/ICU:script=latn;language=DFLT;mapping=tex-text
;"
. 
. * 'bold small caps' with NFSS spec.:
. 
. <->"[.fonts/LibertineBold.ttf]/ICU:script=latn;language=DFLT;mapping=tex-text
;+smcp;"
. 
. * 'italic' with NFSS spec.:
. 
. <->"[.fonts/LibertineRegularItalic.ttf]/ICU:script=latn;language=DFLT;mapping
=tex-text;"
. 
. * 'italic small caps' with NFSS spec.:
. 
. <->"[.fonts/LibertineRegularItalic.ttf]/ICU:script=latn;language=DFLT;mapping
=tex-text;+smcp;"
. 
. * 'bold italic' with NFSS spec.:
. 
. <->"[.fonts/LibertineBoldItalic.ttf]/ICU:script=latn;language=DFLT;mapping=te
x-text;"
. 
. * 'bold italic small caps' with NFSS spec.:
. 
. <->"[.fonts/LibertineBoldItalic.ttf]/ICU:script=latn;language=DFLT;mapping=te
x-text;+smcp;"
.................................................
\g_fontspec_family_SourceSansProRegular_int=\count150
.................................................
. fontspec info: "defining-font"
. 
. Font family 'SourceSansProRegular(0)' created for font
. 'SourceSansProRegular' with options [ ExternalLocation=.fonts/,
. Ligatures=TeX, BoldFont={SourceSansProRegular.ttf},
. BoldItalicFont={SourceSansProRegularItalic.ttf},
. ItalicFont={SourceSansProRegularItalic.ttf} ].
. 
. This font family consists of the following shapes:
. 
. * 'normal' with NFSS spec.:
. 
. <->"[.fonts/SourceSansProRegular]/ICU:script=latn;language=DFLT;mapping=tex-t
ext;"
. 
. * 'small caps' with NFSS spec.:
. 
. <->"[.fonts/SourceSansProRegular]/ICU:script=latn;language=DFLT;mapping=tex-t
ext;+smcp;"
. 
. * 'bold' with NFSS spec.:
. 
. <->"[.fonts/SourceSansProRegular.ttf]/ICU:script=latn;language=DFLT;mapping=t
ex-text;"
. 
. * 'bold small caps' with NFSS spec.:
. 
. <->"[.fonts/SourceSansProRegular.ttf]/ICU:script=latn;language=DFLT;mapping=t
ex-text;+smcp;"
. 
. * 'italic' with NFSS spec.:
. 
. <->"[.fonts/SourceSansProRegularItalic.ttf]/ICU:script=latn;language=DFLT;map
ping=tex-text;"
. 
. * 'bold italic' with NFSS spec.:
. 
. <->"[.fonts/SourceSansProRegularItalic.ttf]/ICU:script=latn;language=DFLT;map
ping=tex-text;"
.................................................

(/usr/share/texlive/texmf-dist/tex/latex/titlesec/titlesec.sty
Package: titlesec 2011/12/15 v2.10.0 Sectioning titles
\ttl@box=\box50
\beforetitleunit=\skip93
\aftertitleunit=\skip94
\ttl@plus=\dimen173
\ttl@minus=\dimen174
\ttl@toksa=\toks27
\titlewidth=\dimen175
\titlewidthlast=\dimen176
\titlewidthfirst=\dimen177
)
(../pdf/report.aux)
\openout1 = `report.aux'.

LaTeX Font Info:    Checking defaults for OML/cmm/m/it on input line 94.
LaTeX Font Info:    ... okay on input line 94.
LaTeX Font Info:    Checking defaults for T1/cmr/m/n on input line 94.
LaTeX Font Info:    ... okay on input line 94.
LaTeX Font Info:    Checking defaults for OT1/cmr/m/n on input line 94.
LaTeX Font Info:    ... okay on input line 94.
LaTeX Font Info:    Checking defaults for OMS/cmsy/m/n on input line 94.
LaTeX Font Info:    ... okay on input line 94.
LaTeX Font Info:    Checking defaults for OMX/cmex/m/n on input line 94.
LaTeX Font Info:    ... okay on input line 94.
LaTeX Font Info:    Checking defaults for U/cmr/m/n on input line 94.
LaTeX Font Info:    ... okay on input line 94.
LaTeX Font Info:    Checking defaults for EU1/lmr/m/n on input line 94.
LaTeX Font Info:    ... okay on input line 94.
LaTeX Font Info:    Checking defaults for T3/cmr/m/n on input line 94.
LaTeX Font Info:    Try loading font information for T3+cmr on input line 94.
 (/usr/share/texmf/tex/latex/tipa/t3cmr.fd
File: t3cmr.fd 2001/12/31 TIPA font definitions
)
LaTeX Font Info:    ... okay on input line 94.

*geometry* driver: auto-detecting
*geometry* detected driver: xetex
*geometry* verbose mode - [ preamble ] result:
* driver: xetex
* paper: a4paper
* layout: <same size as paper>
* layoutoffset:(h,v)=(0.0pt,0.0pt)
* modes: 
* h-part:(L,W,R)=(72.26999pt, 452.9679pt, 72.26999pt)
* v-part:(T,H,B)=(72.26999pt, 700.50687pt, 72.26999pt)
* \paperwidth=597.50787pt
* \paperheight=845.04684pt
* \textwidth=452.9679pt
* \textheight=700.50687pt
* \oddsidemargin=0.0pt
* \evensidemargin=0.0pt
* \topmargin=-37.0pt
* \headheight=12.0pt
* \headsep=25.0pt
* \topskip=10.0pt
* \footskip=30.0pt
* \marginparwidth=65.0pt
* \marginparsep=11.0pt
* \columnsep=10.0pt
* \skip\footins=9.0pt plus 4.0pt minus 2.0pt
* \hoffset=0.0pt
* \voffset=0.0pt
* \mag=1000
* \@twocolumnfalse
* \@twosidefalse
* \@mparswitchfalse
* \@reversemarginfalse
* (1in=72.27pt=25.4mm, 1cm=28.453pt)

.................................................
. fontspec info: "setup-math"
. 
. Adjusting the maths setup (use [no-math] to avoid this).
.................................................
\symlegacymaths=\mathgroup4
LaTeX Font Info:    Overwriting symbol font `legacymaths' in version `bold'
(Font)                  OT1/cmr/m/n --> OT1/cmr/bx/n on input line 94.
LaTeX Font Info:    Redeclaring math accent \acute on input line 94.
LaTeX Font Info:    Redeclaring math accent \grave on input line 94.
LaTeX Font Info:    Redeclaring math accent \ddot on input line 94.
LaTeX Font Info:    Redeclaring math accent \tilde on input line 94.
LaTeX Font Info:    Redeclaring math accent \bar on input line 94.
LaTeX Font Info:    Redeclaring math accent \breve on input line 94.
LaTeX Font Info:    Redeclaring math accent \check on input line 94.
LaTeX Font Info:    Redeclaring math accent \hat on input line 94.
LaTeX Font Info:    Redeclaring math accent \dot on input line 94.
LaTeX Font Info:    Redeclaring math accent \mathring on input line 94.
LaTeX Font Info:    Redeclaring math symbol \colon on input line 94.
LaTeX Font Info:    Redeclaring math symbol \Gamma on input line 94.
LaTeX Font Info:    Redeclaring math symbol \Delta on input line 94.
LaTeX Font Info:    Redeclaring math symbol \Theta on input line 94.
LaTeX Font Info:    Redeclaring math symbol \Lambda on input line 94.
LaTeX Font Info:    Redeclaring math symbol \Xi on input line 94.
LaTeX Font Info:    Redeclaring math symbol \Pi on input line 94.
LaTeX Font Info:    Redeclaring math symbol \Sigma on input line 94.
LaTeX Font Info:    Redeclaring math symbol \Upsilon on input line 94.
LaTeX Font Info:    Redeclaring math symbol \Phi on input line 94.
LaTeX Font Info:    Redeclaring math symbol \Psi on input line 94.
LaTeX Font Info:    Redeclaring math symbol \Omega on input line 94.
LaTeX Font Info:    Redeclaring math symbol \mathdollar on input line 94.
LaTeX Font Info:    Redeclaring symbol font `operators' on input line 94.
LaTeX Font Info:    Encoding `OT1' has changed to `EU1' for symbol font
(Font)              `operators' in the math version `normal' on input line 94.
LaTeX Font Info:    Overwriting symbol font `operators' in version `normal'
(Font)                  OT1/cmr/m/n --> EU1/LibertineRegular(0)/m/n on input li
ne 94.
LaTeX Font Info:    Encoding `OT1' has changed to `EU1' for symbol font
(Font)              `operators' in the math version `bold' on input line 94.
LaTeX Font Info:    Overwriting symbol font `operators' in version `bold'
(Font)                  OT1/cmr/bx/n --> EU1/LibertineRegular(0)/m/n on input l
ine 94.
LaTeX Font Info:    Overwriting symbol font `operators' in version `normal'
(Font)                  EU1/LibertineRegular(0)/m/n --> EU1/LibertineRegular(0)
/m/n on input line 94.
LaTeX Font Info:    Overwriting math alphabet `\mathrm' in version `normal'
(Font)                  EU1/LibertineRegular(0)/m/n --> EU1/LibertineRegular(0)
/m/n on input line 94.
LaTeX Font Info:    Overwriting math alphabet `\mathit' in version `normal'
(Font)                  OT1/cmr/m/it --> EU1/LibertineRegular(0)/m/it on input 
line 94.
LaTeX Font Info:    Overwriting math alphabet `\mathbf' in version `normal'
(Font)                  OT1/cmr/bx/n --> EU1/LibertineRegular(0)/bx/n on input 
line 94.
LaTeX Font Info:    Overwriting math alphabet `\mathsf' in version `normal'
(Font)                  OT1/cmss/m/n --> EU1/lmss/m/n on input line 94.
LaTeX Font Info:    Overwriting math alphabet `\mathtt' in version `normal'
(Font)                  OT1/cmtt/m/n --> EU1/SourceSansProRegular(0)/m/n on inp
ut line 94.
LaTeX Font Info:    Overwriting symbol font `operators' in version `bold'
(Font)                  EU1/LibertineRegular(0)/m/n --> EU1/LibertineRegular(0)
/bx/n on input line 94.
LaTeX Font Info:    Overwriting math alphabet `\mathrm' in version `bold'
(Font)                  EU1/LibertineRegular(0)/m/n --> EU1/LibertineRegular(0)
/bx/n on input line 94.
LaTeX Font Info:    Overwriting math alphabet `\mathit' in version `bold'
(Font)                  OT1/cmr/bx/it --> EU1/LibertineRegular(0)/bx/it on inpu
t line 94.
LaTeX Font Info:    Overwriting math alphabet `\mathsf' in version `bold'
(Font)                  OT1/cmss/bx/n --> EU1/lmss/bx/n on input line 94.
LaTeX Font Info:    Overwriting math alphabet `\mathtt' in version `bold'
(Font)                  OT1/cmtt/m/n --> EU1/SourceSansProRegular(0)/bx/n on in
put line 94.
[1

]
\g_fontspec_family_LibertineDisplay.ttf_int=\count151
.................................................
. fontspec info: "defining-font"
. 
. Font family 'LibertineDisplay.ttf(0)' created for font
. 'LibertineDisplay.ttf' with options [Path=.fonts/].
. 
. This font family consists of the following shapes:
. 
. * 'normal' with NFSS spec.:
. <->"[.fonts/LibertineDisplay.ttf]/ICU:script=latn;language=DFLT;"
.................................................
LaTeX Font Info:    External font `cmex10' loaded for size
(Font)              <12> on input line 96.
LaTeX Font Info:    External font `cmex10' loaded for size
(Font)              <8> on input line 96.
LaTeX Font Info:    External font `cmex10' loaded for size
(Font)              <6> on input line 96.
 [1] (../pdf/report.toc)
\tf@toc=\write5
\openout5 = `report.toc'.

 [1] [2

] (./design/useCase/.tex
Chapter 1.
(./design/useCase/consumer.tex [3

]
File: .img/ConsumerUsecaseDiagram.png Graphic file (type QTm)
 <use  ".img/ConsumerUsecaseDiagram.png" >)
[4] [5] (./design/useCase/manager.tex [6

] [7] [8] [9]
File: .img/VenueManagerContractsUsecaseDiagram.png Graphic file (type QTm)

<use  ".img/VenueManagerContractsUsecaseDiagram.png" >
File: .img/VenueManagerEventsUsecaseDiagram.png Graphic file (type QTm)

<use  ".img/VenueManagerEventsUsecaseDiagram.png" > [10]
File: .img/VenueManagerPromotionsUsecaseDiagram.png Graphic file (type QTm)

<use  ".img/VenueManagerPromotionsUsecaseDiagram.png" >
File: .img/VenueManagerShowUsecaseDiagram.png Graphic file (type QTm)

<use  ".img/VenueManagerShowUsecaseDiagram.png" >) [11] [12]
(./design/useCase/agent.tex [13

]
File: .img/AgentUsecaseDiagram.png Graphic file (type QTm)
 <use  ".img/AgentUsecaseDiagram.png" >)
(./design/useCase/consolidated.tex
File: .img/ConsolidatedUsecaseDiagram.png Graphic file (type QTm)

<use  ".img/ConsolidatedUsecaseDiagram.png" >)) (./design/classes.tex [14]
[15]
Chapter 2.
File: .img/ClassDiagram.png Graphic file (type QTm)
<use  ".img/ClassDiagram.png" >) (./design/dictionary.tex [16

]
Overfull \vbox (57.72627pt too high) has occurred while \output is active []


[17]
Chapter 3.
[18

] [19]) (./design/report.tex [20]
Chapter 4.
) [21

] [22

] (./implementation/requirements/.tex
Chapter 5.
(./implementation/requirements/functional.tex)
(./implementation/requirements/nonFunctional.tex [23

]))
(./implementation/designClass.tex [24

]
Chapter 6.
[25

]
Chapter 7.
File: .img/ClassDiagram.png Graphic file (type QTm)
<use  ".img/ClassDiagram.png" >) (./implementation/sequenceModel.tex [26

]
Overfull \vbox (57.72627pt too high) has occurred while \output is active []


[27]
Chapter 8.
File: .img/TicketPurchase.jpg Graphic file (type QTm)
<use  ".img/TicketPurchase.jpg" >) (./implementation/detailedDesign/.tex
[28

]
Chapter 9.
(./implementation/detailedDesign/getSet.tex
\openout3 = `report.pyg'.

runsystem(pygmentize -l text -f latex -F tokenmerge             -P "verboptions
= ,tabsize=8,fontsize=\normalsize " -o report.out.pyg report.pyg)...executed.

 (./report.out.pyg
! Undefined control sequence.
<argument> \PYZbs 
                  {}makeatletter
l.2 \PYZbs{}makeatletter
                        
The control sequence at the end of the top line
of your error message was never \def'ed. If you have
misspelled it (e.g., `\hobx'), type `I' and the correct
spelling (e.g., `I\hbox'). Otherwise just continue,
and I'll forget about whatever was undefined.

! Undefined control sequence.
<argument> \PYZbs 
                  {}def\PYZbs {}PY@reset\PYZob {}\PYZbs {}let\PYZbs {}PY@it=...
l.3 ...Zbs{}let\PYZbs{}PY@bf=\PYZbs{}relax\PYZpc{}
                                                  
The control sequence at the end of the top line
of your error message was never \def'ed. If you have
misspelled it (e.g., `\hobx'), type `I' and the correct
spelling (e.g., `I\hbox'). Otherwise just continue,
and I'll forget about whatever was undefined.

! Undefined control sequence.
<argument> \PYZbs {}def\PYZbs 
                              {}PY@reset\PYZob {}\PYZbs {}let\PYZbs {}PY@it=...
l.3 ...Zbs{}let\PYZbs{}PY@bf=\PYZbs{}relax\PYZpc{}
                                                  
The control sequence at the end of the top line
of your error message was never \def'ed. If you have
misspelled it (e.g., `\hobx'), type `I' and the correct
spelling (e.g., `I\hbox'). Otherwise just continue,
and I'll forget about whatever was undefined.

! Undefined control sequence.
<argument> \PYZbs {}def\PYZbs {}PY@reset\PYZob 
                                               {}\PYZbs {}let\PYZbs {}PY@it=...
l.3 ...Zbs{}let\PYZbs{}PY@bf=\PYZbs{}relax\PYZpc{}
                                                  
The control sequence at the end of the top line
of your error message was never \def'ed. If you have
misspelled it (e.g., `\hobx'), type `I' and the correct
spelling (e.g., `I\hbox'). Otherwise just continue,
and I'll forget about whatever was undefined.

! Undefined control sequence.
<argument> ...def\PYZbs {}PY@reset\PYZob {}\PYZbs 
                                                  {}let\PYZbs {}PY@it=\PYZbs...
l.3 ...Zbs{}let\PYZbs{}PY@bf=\PYZbs{}relax\PYZpc{}
                                                  
The control sequence at the end of the top line
of your error message was never \def'ed. If you have
misspelled it (e.g., `\hobx'), type `I' and the correct
spelling (e.g., `I\hbox'). Otherwise just continue,
and I'll forget about whatever was undefined.

! Undefined control sequence.
<argument> ...PY@reset\PYZob {}\PYZbs {}let\PYZbs 
                                                  {}PY@it=\PYZbs {}relax \PY...
l.3 ...Zbs{}let\PYZbs{}PY@bf=\PYZbs{}relax\PYZpc{}
                                                  
The control sequence at the end of the top line
of your error message was never \def'ed. If you have
misspelled it (e.g., `\hobx'), type `I' and the correct
spelling (e.g., `I\hbox'). Otherwise just continue,
and I'll forget about whatever was undefined.

! Undefined control sequence.
<argument> ...{}\PYZbs {}let\PYZbs {}PY@it=\PYZbs 
                                                  {}relax \PYZbs {}let\PYZbs...
l.3 ...Zbs{}let\PYZbs{}PY@bf=\PYZbs{}relax\PYZpc{}
                                                  
The control sequence at the end of the top line
of your error message was never \def'ed. If you have
misspelled it (e.g., `\hobx'), type `I' and the correct
spelling (e.g., `I\hbox'). Otherwise just continue,
and I'll forget about whatever was undefined.

! Undefined control sequence.
<argument> ...PYZbs {}PY@it=\PYZbs {}relax \PYZbs 
                                                  {}let\PYZbs {}PY@bf=\PYZbs...
l.3 ...Zbs{}let\PYZbs{}PY@bf=\PYZbs{}relax\PYZpc{}
                                                  
The control sequence at the end of the top line
of your error message was never \def'ed. If you have
misspelled it (e.g., `\hobx'), type `I' and the correct
spelling (e.g., `I\hbox'). Otherwise just continue,
and I'll forget about whatever was undefined.

! Undefined control sequence.
<argument> ...t=\PYZbs {}relax \PYZbs {}let\PYZbs 
                                                  {}PY@bf=\PYZbs {}relax\PYZ...
l.3 ...Zbs{}let\PYZbs{}PY@bf=\PYZbs{}relax\PYZpc{}
                                                  
The control sequence at the end of the top line
of your error message was never \def'ed. If you have
misspelled it (e.g., `\hobx'), type `I' and the correct
spelling (e.g., `I\hbox'). Otherwise just continue,
and I'll forget about whatever was undefined.

! Undefined control sequence.
<argument> ...x \PYZbs {}let\PYZbs {}PY@bf=\PYZbs 
                                                  {}relax\PYZpc {}
l.3 ...Zbs{}let\PYZbs{}PY@bf=\PYZbs{}relax\PYZpc{}
                                                  
The control sequence at the end of the top line
of your error message was never \def'ed. If you have
misspelled it (e.g., `\hobx'), type `I' and the correct
spelling (e.g., `I\hbox'). Otherwise just continue,
and I'll forget about whatever was undefined.

! Undefined control sequence.
<argument> ...\PYZbs {}PY@bf=\PYZbs {}relax\PYZpc 
                                                  {}
l.3 ...Zbs{}let\PYZbs{}PY@bf=\PYZbs{}relax\PYZpc{}
                                                  
The control sequence at the end of the top line
of your error message was never \def'ed. If you have
misspelled it (e.g., `\hobx'), type `I' and the correct
spelling (e.g., `I\hbox'). Otherwise just continue,
and I'll forget about whatever was undefined.

! Undefined control sequence.
<argument>     \PYZbs 
                      {}let\PYZbs {}PY@ul=\PYZbs {}relax \PYZbs {}let\PYZbs ...
l.4 ...Zbs{}let\PYZbs{}PY@tc=\PYZbs{}relax\PYZpc{}
                                                  
The control sequence at the end of the top line
of your error message was never \def'ed. If you have
misspelled it (e.g., `\hobx'), type `I' and the correct
spelling (e.g., `I\hbox'). Otherwise just continue,
and I'll forget about whatever was undefined.

! Undefined control sequence.
<argument>     \PYZbs {}let\PYZbs 
                                  {}PY@ul=\PYZbs {}relax \PYZbs {}let\PYZbs ...
l.4 ...Zbs{}let\PYZbs{}PY@tc=\PYZbs{}relax\PYZpc{}
                                                  
The control sequence at the end of the top line
of your error message was never \def'ed. If you have
misspelled it (e.g., `\hobx'), type `I' and the correct
spelling (e.g., `I\hbox'). Otherwise just continue,
and I'll forget about whatever was undefined.

! Undefined control sequence.
<argument>     \PYZbs {}let\PYZbs {}PY@ul=\PYZbs 
                                                 {}relax \PYZbs {}let\PYZbs ...
l.4 ...Zbs{}let\PYZbs{}PY@tc=\PYZbs{}relax\PYZpc{}
                                                  
The control sequence at the end of the top line
of your error message was never \def'ed. If you have
misspelled it (e.g., `\hobx'), type `I' and the correct
spelling (e.g., `I\hbox'). Otherwise just continue,
and I'll forget about whatever was undefined.

! Undefined control sequence.
<argument> ...PYZbs {}PY@ul=\PYZbs {}relax \PYZbs 
                                                  {}let\PYZbs {}PY@tc=\PYZbs...
l.4 ...Zbs{}let\PYZbs{}PY@tc=\PYZbs{}relax\PYZpc{}
                                                  
The control sequence at the end of the top line
of your error message was never \def'ed. If you have
misspelled it (e.g., `\hobx'), type `I' and the correct
spelling (e.g., `I\hbox'). Otherwise just continue,
and I'll forget about whatever was undefined.

! Undefined control sequence.
<argument> ...l=\PYZbs {}relax \PYZbs {}let\PYZbs 
                                                  {}PY@tc=\PYZbs {}relax\PYZ...
l.4 ...Zbs{}let\PYZbs{}PY@tc=\PYZbs{}relax\PYZpc{}
                                                  
The control sequence at the end of the top line
of your error message was never \def'ed. If you have
misspelled it (e.g., `\hobx'), type `I' and the correct
spelling (e.g., `I\hbox'). Otherwise just continue,
and I'll forget about whatever was undefined.

! Undefined control sequence.
<argument> ...x \PYZbs {}let\PYZbs {}PY@tc=\PYZbs 
                                                  {}relax\PYZpc {}
l.4 ...Zbs{}let\PYZbs{}PY@tc=\PYZbs{}relax\PYZpc{}
                                                  
The control sequence at the end of the top line
of your error message was never \def'ed. If you have
misspelled it (e.g., `\hobx'), type `I' and the correct
spelling (e.g., `I\hbox'). Otherwise just continue,
and I'll forget about whatever was undefined.

! Undefined control sequence.
<argument> ...\PYZbs {}PY@tc=\PYZbs {}relax\PYZpc 
                                                  {}
l.4 ...Zbs{}let\PYZbs{}PY@tc=\PYZbs{}relax\PYZpc{}
                                                  
The control sequence at the end of the top line
of your error message was never \def'ed. If you have
misspelled it (e.g., `\hobx'), type `I' and the correct
spelling (e.g., `I\hbox'). Otherwise just continue,
and I'll forget about whatever was undefined.

! Undefined control sequence.
<argument>     \PYZbs 
                      {}let\PYZbs {}PY@bc=\PYZbs {}relax \PYZbs {}let\PYZbs ...
l.5 ...Zbs{}let\PYZbs{}PY@ff=\PYZbs{}relax\PYZcb{}
                                                  
The control sequence at the end of the top line
of your error message was never \def'ed. If you have
misspelled it (e.g., `\hobx'), type `I' and the correct
spelling (e.g., `I\hbox'). Otherwise just continue,
and I'll forget about whatever was undefined.

! Undefined control sequence.
<argument>     \PYZbs {}let\PYZbs 
                                  {}PY@bc=\PYZbs {}relax \PYZbs {}let\PYZbs ...
l.5 ...Zbs{}let\PYZbs{}PY@ff=\PYZbs{}relax\PYZcb{}
                                                  
The control sequence at the end of the top line
of your error message was never \def'ed. If you have
misspelled it (e.g., `\hobx'), type `I' and the correct
spelling (e.g., `I\hbox'). Otherwise just continue,
and I'll forget about whatever was undefined.

! Undefined control sequence.
<argument>     \PYZbs {}let\PYZbs {}PY@bc=\PYZbs 
                                                 {}relax \PYZbs {}let\PYZbs ...
l.5 ...Zbs{}let\PYZbs{}PY@ff=\PYZbs{}relax\PYZcb{}
                                                  
The control sequence at the end of the top line
of your error message was never \def'ed. If you have
misspelled it (e.g., `\hobx'), type `I' and the correct
spelling (e.g., `I\hbox'). Otherwise just continue,
and I'll forget about whatever was undefined.

! Undefined control sequence.
<argument> ...PYZbs {}PY@bc=\PYZbs {}relax \PYZbs 
                                                  {}let\PYZbs {}PY@ff=\PYZbs...
l.5 ...Zbs{}let\PYZbs{}PY@ff=\PYZbs{}relax\PYZcb{}
                                                  
The control sequence at the end of the top line
of your error message was never \def'ed. If you have
misspelled it (e.g., `\hobx'), type `I' and the correct
spelling (e.g., `I\hbox'). Otherwise just continue,
and I'll forget about whatever was undefined.

! Undefined control sequence.
<argument> ...c=\PYZbs {}relax \PYZbs {}let\PYZbs 
                                                  {}PY@ff=\PYZbs {}relax\PYZ...
l.5 ...Zbs{}let\PYZbs{}PY@ff=\PYZbs{}relax\PYZcb{}
                                                  
The control sequence at the end of the top line
of your error message was never \def'ed. If you have
misspelled it (e.g., `\hobx'), type `I' and the correct
spelling (e.g., `I\hbox'). Otherwise just continue,
and I'll forget about whatever was undefined.

! Undefined control sequence.
<argument> ...x \PYZbs {}let\PYZbs {}PY@ff=\PYZbs 
                                                  {}relax\PYZcb {}
l.5 ...Zbs{}let\PYZbs{}PY@ff=\PYZbs{}relax\PYZcb{}
                                                  
The control sequence at the end of the top line
of your error message was never \def'ed. If you have
misspelled it (e.g., `\hobx'), type `I' and the correct
spelling (e.g., `I\hbox'). Otherwise just continue,
and I'll forget about whatever was undefined.

! Undefined control sequence.
<argument> ...\PYZbs {}PY@ff=\PYZbs {}relax\PYZcb 
                                                  {}
l.5 ...Zbs{}let\PYZbs{}PY@ff=\PYZbs{}relax\PYZcb{}
                                                  
The control sequence at the end of the top line
of your error message was never \def'ed. If you have
misspelled it (e.g., `\hobx'), type `I' and the correct
spelling (e.g., `I\hbox'). Otherwise just continue,
and I'll forget about whatever was undefined.

! Undefined control sequence.
<argument> \PYZbs 
                  {}def\PYZbs {}PY@tok\PYZsh {}1\PYZob {}\PYZbs {}csname PY@...
l.6 ...e PY@tok@\PYZsh{}1\PYZbs{}endcsname\PYZcb{}
                                                  
The control sequence at the end of the top line
of your error message was never \def'ed. If you have
misspelled it (e.g., `\hobx'), type `I' and the correct
spelling (e.g., `I\hbox'). Otherwise just continue,
and I'll forget about whatever was undefined.

! Undefined control sequence.
<argument> \PYZbs {}def\PYZbs 
                              {}PY@tok\PYZsh {}1\PYZob {}\PYZbs {}csname PY@...
l.6 ...e PY@tok@\PYZsh{}1\PYZbs{}endcsname\PYZcb{}
                                                  
The control sequence at the end of the top line
of your error message was never \def'ed. If you have
misspelled it (e.g., `\hobx'), type `I' and the correct
spelling (e.g., `I\hbox'). Otherwise just continue,
and I'll forget about whatever was undefined.

! Undefined control sequence.
<argument> \PYZbs {}def\PYZbs {}PY@tok\PYZsh 
                                             {}1\PYZob {}\PYZbs {}csname PY@...
l.6 ...e PY@tok@\PYZsh{}1\PYZbs{}endcsname\PYZcb{}
                                                  
The control sequence at the end of the top line
of your error message was never \def'ed. If you have
misspelled it (e.g., `\hobx'), type `I' and the correct
spelling (e.g., `I\hbox'). Otherwise just continue,
and I'll forget about whatever was undefined.

! Undefined control sequence.
<argument> ...}def\PYZbs {}PY@tok\PYZsh {}1\PYZob 
                                                  {}\PYZbs {}csname PY@tok@\...
l.6 ...e PY@tok@\PYZsh{}1\PYZbs{}endcsname\PYZcb{}
                                                  
The control sequence at the end of the top line
of your error message was never \def'ed. If you have
misspelled it (e.g., `\hobx'), type `I' and the correct
spelling (e.g., `I\hbox'). Otherwise just continue,
and I'll forget about whatever was undefined.

! Undefined control sequence.
<argument> ...s {}PY@tok\PYZsh {}1\PYZob {}\PYZbs 
                                                  {}csname PY@tok@\PYZsh {}1...
l.6 ...e PY@tok@\PYZsh{}1\PYZbs{}endcsname\PYZcb{}
                                                  
The control sequence at the end of the top line
of your error message was never \def'ed. If you have
misspelled it (e.g., `\hobx'), type `I' and the correct
spelling (e.g., `I\hbox'). Otherwise just continue,
and I'll forget about whatever was undefined.

! Undefined control sequence.
<argument> ...Zob {}\PYZbs {}csname PY@tok@\PYZsh 
                                                  {}1\PYZbs {}endcsname\PYZc...
l.6 ...e PY@tok@\PYZsh{}1\PYZbs{}endcsname\PYZcb{}
                                                  
The control sequence at the end of the top line
of your error message was never \def'ed. If you have
misspelled it (e.g., `\hobx'), type `I' and the correct
spelling (e.g., `I\hbox'). Otherwise just continue,
and I'll forget about whatever was undefined.

! Undefined control sequence.
<argument> ...bs {}csname PY@tok@\PYZsh {}1\PYZbs 
                                                  {}endcsname\PYZcb {}
l.6 ...e PY@tok@\PYZsh{}1\PYZbs{}endcsname\PYZcb{}
                                                  
The control sequence at the end of the top line
of your error message was never \def'ed. If you have
misspelled it (e.g., `\hobx'), type `I' and the correct
spelling (e.g., `I\hbox'). Otherwise just continue,
and I'll forget about whatever was undefined.

! Undefined control sequence.
<argument> ...@\PYZsh {}1\PYZbs {}endcsname\PYZcb 
                                                  {}
l.6 ...e PY@tok@\PYZsh{}1\PYZbs{}endcsname\PYZcb{}
                                                  
The control sequence at the end of the top line
of your error message was never \def'ed. If you have
misspelled it (e.g., `\hobx'), type `I' and the correct
spelling (e.g., `I\hbox'). Otherwise just continue,
and I'll forget about whatever was undefined.

! Undefined control sequence.
<argument> \PYZbs 
                  {}def\PYZbs {}PY@toks\PYZsh {}1+\PYZob {}\PYZbs {}ifx\PYZb...
l.7 ...x\PYZsh{}1\PYZbs{}empty\PYZbs{}else\PYZpc{}
                                                  
The control sequence at the end of the top line
of your error message was never \def'ed. If you have
misspelled it (e.g., `\hobx'), type `I' and the correct
spelling (e.g., `I\hbox'). Otherwise just continue,
and I'll forget about whatever was undefined.

! Undefined control sequence.
<argument> \PYZbs {}def\PYZbs 
                              {}PY@toks\PYZsh {}1+\PYZob {}\PYZbs {}ifx\PYZb...
l.7 ...x\PYZsh{}1\PYZbs{}empty\PYZbs{}else\PYZpc{}
                                                  
The control sequence at the end of the top line
of your error message was never \def'ed. If you have
misspelled it (e.g., `\hobx'), type `I' and the correct
spelling (e.g., `I\hbox'). Otherwise just continue,
and I'll forget about whatever was undefined.

! Undefined control sequence.
<argument> \PYZbs {}def\PYZbs {}PY@toks\PYZsh 
                                              {}1+\PYZob {}\PYZbs {}ifx\PYZb...
l.7 ...x\PYZsh{}1\PYZbs{}empty\PYZbs{}else\PYZpc{}
                                                  
The control sequence at the end of the top line
of your error message was never \def'ed. If you have
misspelled it (e.g., `\hobx'), type `I' and the correct
spelling (e.g., `I\hbox'). Otherwise just continue,
and I'll forget about whatever was undefined.

! Undefined control sequence.
<argument> ...ef\PYZbs {}PY@toks\PYZsh {}1+\PYZob 
                                                  {}\PYZbs {}ifx\PYZbs {}rel...
l.7 ...x\PYZsh{}1\PYZbs{}empty\PYZbs{}else\PYZpc{}
                                                  
The control sequence at the end of the top line
of your error message was never \def'ed. If you have
misspelled it (e.g., `\hobx'), type `I' and the correct
spelling (e.g., `I\hbox'). Otherwise just continue,
and I'll forget about whatever was undefined.

! Undefined control sequence.
<argument> ...{}PY@toks\PYZsh {}1+\PYZob {}\PYZbs 
                                                  {}ifx\PYZbs {}relax\PYZsh ...
l.7 ...x\PYZsh{}1\PYZbs{}empty\PYZbs{}else\PYZpc{}
                                                  
The control sequence at the end of the top line
of your error message was never \def'ed. If you have
misspelled it (e.g., `\hobx'), type `I' and the correct
spelling (e.g., `I\hbox'). Otherwise just continue,
and I'll forget about whatever was undefined.

! Undefined control sequence.
<argument> ...Zsh {}1+\PYZob {}\PYZbs {}ifx\PYZbs 
                                                  {}relax\PYZsh {}1\PYZbs {}...
l.7 ...x\PYZsh{}1\PYZbs{}empty\PYZbs{}else\PYZpc{}
                                                  
The control sequence at the end of the top line
of your error message was never \def'ed. If you have
misspelled it (e.g., `\hobx'), type `I' and the correct
spelling (e.g., `I\hbox'). Otherwise just continue,
and I'll forget about whatever was undefined.

! Undefined control sequence.
<argument> ... {}\PYZbs {}ifx\PYZbs {}relax\PYZsh 
                                                  {}1\PYZbs {}empty\PYZbs {}...
l.7 ...x\PYZsh{}1\PYZbs{}empty\PYZbs{}else\PYZpc{}
                                                  
The control sequence at the end of the top line
of your error message was never \def'ed. If you have
misspelled it (e.g., `\hobx'), type `I' and the correct
spelling (e.g., `I\hbox'). Otherwise just continue,
and I'll forget about whatever was undefined.

! Undefined control sequence.
<argument> ...{}ifx\PYZbs {}relax\PYZsh {}1\PYZbs 
                                                  {}empty\PYZbs {}else\PYZpc {}
l.7 ...x\PYZsh{}1\PYZbs{}empty\PYZbs{}else\PYZpc{}
                                                  
The control sequence at the end of the top line
of your error message was never \def'ed. If you have
misspelled it (e.g., `\hobx'), type `I' and the correct
spelling (e.g., `I\hbox'). Otherwise just continue,
and I'll forget about whatever was undefined.

! Undefined control sequence.
<argument> ...relax\PYZsh {}1\PYZbs {}empty\PYZbs 
                                                  {}else\PYZpc {}
l.7 ...x\PYZsh{}1\PYZbs{}empty\PYZbs{}else\PYZpc{}
                                                  
The control sequence at the end of the top line
of your error message was never \def'ed. If you have
misspelled it (e.g., `\hobx'), type `I' and the correct
spelling (e.g., `I\hbox'). Otherwise just continue,
and I'll forget about whatever was undefined.

! Undefined control sequence.
<argument> ...}1\PYZbs {}empty\PYZbs {}else\PYZpc 
                                                  {}
l.7 ...x\PYZsh{}1\PYZbs{}empty\PYZbs{}else\PYZpc{}
                                                  
The control sequence at the end of the top line
of your error message was never \def'ed. If you have
misspelled it (e.g., `\hobx'), type `I' and the correct
spelling (e.g., `I\hbox'). Otherwise just continue,
and I'll forget about whatever was undefined.

! Undefined control sequence.
<argument>     \PYZbs 
                      {}PY@tok\PYZob {}\PYZsh {}1\PYZcb {}\PYZbs {}expandaft...
l.8 ...xpandafter\PYZbs{}PY@toks\PYZbs{}fi\PYZcb{}
                                                  
The control sequence at the end of the top line
of your error message was never \def'ed. If you have
misspelled it (e.g., `\hobx'), type `I' and the correct
spelling (e.g., `I\hbox'). Otherwise just continue,
and I'll forget about whatever was undefined.

! Undefined control sequence.
<argument>     \PYZbs {}PY@tok\PYZob 
                                     {}\PYZsh {}1\PYZcb {}\PYZbs {}expandaft...
l.8 ...xpandafter\PYZbs{}PY@toks\PYZbs{}fi\PYZcb{}
                                                  
The control sequence at the end of the top line
of your error message was never \def'ed. If you have
misspelled it (e.g., `\hobx'), type `I' and the correct
spelling (e.g., `I\hbox'). Otherwise just continue,
and I'll forget about whatever was undefined.

! Undefined control sequence.
<argument>     \PYZbs {}PY@tok\PYZob {}\PYZsh 
                                              {}1\PYZcb {}\PYZbs {}expandaft...
l.8 ...xpandafter\PYZbs{}PY@toks\PYZbs{}fi\PYZcb{}
                                                  
The control sequence at the end of the top line
of your error message was never \def'ed. If you have
misspelled it (e.g., `\hobx'), type `I' and the correct
spelling (e.g., `I\hbox'). Otherwise just continue,
and I'll forget about whatever was undefined.

! Undefined control sequence.
<argument> ...s {}PY@tok\PYZob {}\PYZsh {}1\PYZcb 
                                                  {}\PYZbs {}expandafter\PYZ...
l.8 ...xpandafter\PYZbs{}PY@toks\PYZbs{}fi\PYZcb{}
                                                  
The control sequence at the end of the top line
of your error message was never \def'ed. If you have
misspelled it (e.g., `\hobx'), type `I' and the correct
spelling (e.g., `I\hbox'). Otherwise just continue,
and I'll forget about whatever was undefined.

! Undefined control sequence.
<argument> ...k\PYZob {}\PYZsh {}1\PYZcb {}\PYZbs 
                                                  {}expandafter\PYZbs {}PY@t...
l.8 ...xpandafter\PYZbs{}PY@toks\PYZbs{}fi\PYZcb{}
                                                  
The control sequence at the end of the top line
of your error message was never \def'ed. If you have
misspelled it (e.g., `\hobx'), type `I' and the correct
spelling (e.g., `I\hbox'). Otherwise just continue,
and I'll forget about whatever was undefined.

! Undefined control sequence.
<argument> ...\PYZcb {}\PYZbs {}expandafter\PYZbs 
                                                  {}PY@toks\PYZbs {}fi\PYZcb {}
l.8 ...xpandafter\PYZbs{}PY@toks\PYZbs{}fi\PYZcb{}
                                                  
The control sequence at the end of the top line
of your error message was never \def'ed. If you have
misspelled it (e.g., `\hobx'), type `I' and the correct
spelling (e.g., `I\hbox'). Otherwise just continue,
and I'll forget about whatever was undefined.

! Undefined control sequence.
<argument> ...{}expandafter\PYZbs {}PY@toks\PYZbs 
                                                  {}fi\PYZcb {}
l.8 ...xpandafter\PYZbs{}PY@toks\PYZbs{}fi\PYZcb{}
                                                  
The control sequence at the end of the top line
of your error message was never \def'ed. If you have
misspelled it (e.g., `\hobx'), type `I' and the correct
spelling (e.g., `I\hbox'). Otherwise just continue,
and I'll forget about whatever was undefined.

! Undefined control sequence.
<argument> ...er\PYZbs {}PY@toks\PYZbs {}fi\PYZcb 
                                                  {}
l.8 ...xpandafter\PYZbs{}PY@toks\PYZbs{}fi\PYZcb{}
                                                  
The control sequence at the end of the top line
of your error message was never \def'ed. If you have
misspelled it (e.g., `\hobx'), type `I' and the correct
spelling (e.g., `I\hbox'). Otherwise just continue,
and I'll forget about whatever was undefined.

! Undefined control sequence.
<argument> \PYZbs 
                  {}def\PYZbs {}PY@do\PYZsh {}1\PYZob {}\PYZbs {}PY@bc\PYZob...
l.9 ...}PY@tc\PYZob{}\PYZbs{}PY@ul\PYZob{}\PYZpc{}
                                                  
The control sequence at the end of the top line
of your error message was never \def'ed. If you have
misspelled it (e.g., `\hobx'), type `I' and the correct
spelling (e.g., `I\hbox'). Otherwise just continue,
and I'll forget about whatever was undefined.

! Undefined control sequence.
<argument> \PYZbs {}def\PYZbs 
                              {}PY@do\PYZsh {}1\PYZob {}\PYZbs {}PY@bc\PYZob...
l.9 ...}PY@tc\PYZob{}\PYZbs{}PY@ul\PYZob{}\PYZpc{}
                                                  
The control sequence at the end of the top line
of your error message was never \def'ed. If you have
misspelled it (e.g., `\hobx'), type `I' and the correct
spelling (e.g., `I\hbox'). Otherwise just continue,
and I'll forget about whatever was undefined.

! Undefined control sequence.
<argument> \PYZbs {}def\PYZbs {}PY@do\PYZsh 
                                            {}1\PYZob {}\PYZbs {}PY@bc\PYZob...
l.9 ...}PY@tc\PYZob{}\PYZbs{}PY@ul\PYZob{}\PYZpc{}
                                                  
The control sequence at the end of the top line
of your error message was never \def'ed. If you have
misspelled it (e.g., `\hobx'), type `I' and the correct
spelling (e.g., `I\hbox'). Otherwise just continue,
and I'll forget about whatever was undefined.

! Undefined control sequence.
<argument> ...{}def\PYZbs {}PY@do\PYZsh {}1\PYZob 
                                                  {}\PYZbs {}PY@bc\PYZob {}\...
l.9 ...}PY@tc\PYZob{}\PYZbs{}PY@ul\PYZob{}\PYZpc{}
                                                  
The control sequence at the end of the top line
of your error message was never \def'ed. If you have
misspelled it (e.g., `\hobx'), type `I' and the correct
spelling (e.g., `I\hbox'). Otherwise just continue,
and I'll forget about whatever was undefined.

! Undefined control sequence.
<argument> ...bs {}PY@do\PYZsh {}1\PYZob {}\PYZbs 
                                                  {}PY@bc\PYZob {}\PYZbs {}P...
l.9 ...}PY@tc\PYZob{}\PYZbs{}PY@ul\PYZob{}\PYZpc{}
                                                  
The control sequence at the end of the top line
of your error message was never \def'ed. If you have
misspelled it (e.g., `\hobx'), type `I' and the correct
spelling (e.g., `I\hbox'). Otherwise just continue,
and I'll forget about whatever was undefined.

! Undefined control sequence.
<argument> ...sh {}1\PYZob {}\PYZbs {}PY@bc\PYZob 
                                                  {}\PYZbs {}PY@tc\PYZob {}\...
l.9 ...}PY@tc\PYZob{}\PYZbs{}PY@ul\PYZob{}\PYZpc{}
                                                  
The control sequence at the end of the top line
of your error message was never \def'ed. If you have
misspelled it (e.g., `\hobx'), type `I' and the correct
spelling (e.g., `I\hbox'). Otherwise just continue,
and I'll forget about whatever was undefined.

! Undefined control sequence.
<argument> ...Zob {}\PYZbs {}PY@bc\PYZob {}\PYZbs 
                                                  {}PY@tc\PYZob {}\PYZbs {}P...
l.9 ...}PY@tc\PYZob{}\PYZbs{}PY@ul\PYZob{}\PYZpc{}
                                                  
The control sequence at the end of the top line
of your error message was never \def'ed. If you have
misspelled it (e.g., `\hobx'), type `I' and the correct
spelling (e.g., `I\hbox'). Otherwise just continue,
and I'll forget about whatever was undefined.

! Undefined control sequence.
<argument> ...}PY@bc\PYZob {}\PYZbs {}PY@tc\PYZob 
                                                  {}\PYZbs {}PY@ul\PYZob {}\...
l.9 ...}PY@tc\PYZob{}\PYZbs{}PY@ul\PYZob{}\PYZpc{}
                                                  
The control sequence at the end of the top line
of your error message was never \def'ed. If you have
misspelled it (e.g., `\hobx'), type `I' and the correct
spelling (e.g., `I\hbox'). Otherwise just continue,
and I'll forget about whatever was undefined.

! Undefined control sequence.
<argument> ...Zob {}\PYZbs {}PY@tc\PYZob {}\PYZbs 
                                                  {}PY@ul\PYZob {}\PYZpc {}
l.9 ...}PY@tc\PYZob{}\PYZbs{}PY@ul\PYZob{}\PYZpc{}
                                                  
The control sequence at the end of the top line
of your error message was never \def'ed. If you have
misspelled it (e.g., `\hobx'), type `I' and the correct
spelling (e.g., `I\hbox'). Otherwise just continue,
and I'll forget about whatever was undefined.

! Undefined control sequence.
<argument> ...}PY@tc\PYZob {}\PYZbs {}PY@ul\PYZob 
                                                  {}\PYZpc {}
l.9 ...}PY@tc\PYZob{}\PYZbs{}PY@ul\PYZob{}\PYZpc{}
                                                  
The control sequence at the end of the top line
of your error message was never \def'ed. If you have
misspelled it (e.g., `\hobx'), type `I' and the correct
spelling (e.g., `I\hbox'). Otherwise just continue,
and I'll forget about whatever was undefined.

! Undefined control sequence.
<argument> ...Zob {}\PYZbs {}PY@ul\PYZob {}\PYZpc 
                                                  {}
l.9 ...}PY@tc\PYZob{}\PYZbs{}PY@ul\PYZob{}\PYZpc{}
                                                  
The control sequence at the end of the top line
of your error message was never \def'ed. If you have
misspelled it (e.g., `\hobx'), type `I' and the correct
spelling (e.g., `I\hbox'). Otherwise just continue,
and I'll forget about whatever was undefined.

! Undefined control sequence.
<argument>     \PYZbs 
                      {}PY@it\PYZob {}\PYZbs {}PY@bf\PYZob {}\PYZbs {}PY@ff\...
l.10 ...{}\PYZcb{}\PYZcb{}\PYZcb{}\PYZcb{}\PYZcb{}
                                                  
The control sequence at the end of the top line
of your error message was never \def'ed. If you have
misspelled it (e.g., `\hobx'), type `I' and the correct
spelling (e.g., `I\hbox'). Otherwise just continue,
and I'll forget about whatever was undefined.

! Undefined control sequence.
<argument>     \PYZbs {}PY@it\PYZob 
                                    {}\PYZbs {}PY@bf\PYZob {}\PYZbs {}PY@ff\...
l.10 ...{}\PYZcb{}\PYZcb{}\PYZcb{}\PYZcb{}\PYZcb{}
                                                  
The control sequence at the end of the top line
of your error message was never \def'ed. If you have
misspelled it (e.g., `\hobx'), type `I' and the correct
spelling (e.g., `I\hbox'). Otherwise just continue,
and I'll forget about whatever was undefined.

! Undefined control sequence.
<argument>     \PYZbs {}PY@it\PYZob {}\PYZbs 
                                             {}PY@bf\PYZob {}\PYZbs {}PY@ff\...
l.10 ...{}\PYZcb{}\PYZcb{}\PYZcb{}\PYZcb{}\PYZcb{}
                                                  
The control sequence at the end of the top line
of your error message was never \def'ed. If you have
misspelled it (e.g., `\hobx'), type `I' and the correct
spelling (e.g., `I\hbox'). Otherwise just continue,
and I'll forget about whatever was undefined.

! Undefined control sequence.
<argument> ...}PY@it\PYZob {}\PYZbs {}PY@bf\PYZob 
                                                  {}\PYZbs {}PY@ff\PYZob {}\...
l.10 ...{}\PYZcb{}\PYZcb{}\PYZcb{}\PYZcb{}\PYZcb{}
                                                  
The control sequence at the end of the top line
of your error message was never \def'ed. If you have
misspelled it (e.g., `\hobx'), type `I' and the correct
spelling (e.g., `I\hbox'). Otherwise just continue,
and I'll forget about whatever was undefined.

! Undefined control sequence.
<argument> ...Zob {}\PYZbs {}PY@bf\PYZob {}\PYZbs 
                                                  {}PY@ff\PYZob {}\PYZsh {}1...
l.10 ...{}\PYZcb{}\PYZcb{}\PYZcb{}\PYZcb{}\PYZcb{}
                                                  
The control sequence at the end of the top line
of your error message was never \def'ed. If you have
misspelled it (e.g., `\hobx'), type `I' and the correct
spelling (e.g., `I\hbox'). Otherwise just continue,
and I'll forget about whatever was undefined.

! Undefined control sequence.
<argument> ...}PY@bf\PYZob {}\PYZbs {}PY@ff\PYZob 
                                                  {}\PYZsh {}1\PYZcb {}\PYZc...
l.10 ...{}\PYZcb{}\PYZcb{}\PYZcb{}\PYZcb{}\PYZcb{}
                                                  
The control sequence at the end of the top line
of your error message was never \def'ed. If you have
misspelled it (e.g., `\hobx'), type `I' and the correct
spelling (e.g., `I\hbox'). Otherwise just continue,
and I'll forget about whatever was undefined.

! Undefined control sequence.
<argument> ...Zob {}\PYZbs {}PY@ff\PYZob {}\PYZsh 
                                                  {}1\PYZcb {}\PYZcb {}\PYZc...
l.10 ...{}\PYZcb{}\PYZcb{}\PYZcb{}\PYZcb{}\PYZcb{}
                                                  
The control sequence at the end of the top line
of your error message was never \def'ed. If you have
misspelled it (e.g., `\hobx'), type `I' and the correct
spelling (e.g., `I\hbox'). Otherwise just continue,
and I'll forget about whatever was undefined.

! Undefined control sequence.
<argument> ...bs {}PY@ff\PYZob {}\PYZsh {}1\PYZcb 
                                                  {}\PYZcb {}\PYZcb {}\PYZcb...
l.10 ...{}\PYZcb{}\PYZcb{}\PYZcb{}\PYZcb{}\PYZcb{}
                                                  
The control sequence at the end of the top line
of your error message was never \def'ed. If you have
misspelled it (e.g., `\hobx'), type `I' and the correct
spelling (e.g., `I\hbox'). Otherwise just continue,
and I'll forget about whatever was undefined.

! Undefined control sequence.
<argument> ...f\PYZob {}\PYZsh {}1\PYZcb {}\PYZcb 
                                                  {}\PYZcb {}\PYZcb {}\PYZcb...
l.10 ...{}\PYZcb{}\PYZcb{}\PYZcb{}\PYZcb{}\PYZcb{}
                                                  
The control sequence at the end of the top line
of your error message was never \def'ed. If you have
misspelled it (e.g., `\hobx'), type `I' and the correct
spelling (e.g., `I\hbox'). Otherwise just continue,
and I'll forget about whatever was undefined.

! Undefined control sequence.
<argument> ...}\PYZsh {}1\PYZcb {}\PYZcb {}\PYZcb 
                                                  {}\PYZcb {}\PYZcb {}\PYZcb...
l.10 ...{}\PYZcb{}\PYZcb{}\PYZcb{}\PYZcb{}\PYZcb{}
                                                  
The control sequence at the end of the top line
of your error message was never \def'ed. If you have
misspelled it (e.g., `\hobx'), type `I' and the correct
spelling (e.g., `I\hbox'). Otherwise just continue,
and I'll forget about whatever was undefined.

! Undefined control sequence.
<argument> ...}1\PYZcb {}\PYZcb {}\PYZcb {}\PYZcb 
                                                  {}\PYZcb {}\PYZcb {}\PYZcb {}
l.10 ...{}\PYZcb{}\PYZcb{}\PYZcb{}\PYZcb{}\PYZcb{}
                                                  
The control sequence at the end of the top line
of your error message was never \def'ed. If you have
misspelled it (e.g., `\hobx'), type `I' and the correct
spelling (e.g., `I\hbox'). Otherwise just continue,
and I'll forget about whatever was undefined.

! Undefined control sequence.
<argument> ...{}\PYZcb {}\PYZcb {}\PYZcb {}\PYZcb 
                                                  {}\PYZcb {}\PYZcb {}
l.10 ...{}\PYZcb{}\PYZcb{}\PYZcb{}\PYZcb{}\PYZcb{}
                                                  
The control sequence at the end of the top line
of your error message was never \def'ed. If you have
misspelled it (e.g., `\hobx'), type `I' and the correct
spelling (e.g., `I\hbox'). Otherwise just continue,
and I'll forget about whatever was undefined.

! Undefined control sequence.
<argument> ...{}\PYZcb {}\PYZcb {}\PYZcb {}\PYZcb 
                                                  {}\PYZcb {}
l.10 ...{}\PYZcb{}\PYZcb{}\PYZcb{}\PYZcb{}\PYZcb{}
                                                  
The control sequence at the end of the top line
of your error message was never \def'ed. If you have
misspelled it (e.g., `\hobx'), type `I' and the correct
spelling (e.g., `I\hbox'). Otherwise just continue,
and I'll forget about whatever was undefined.

! Undefined control sequence.
<argument> ...{}\PYZcb {}\PYZcb {}\PYZcb {}\PYZcb 
                                                  {}
l.10 ...{}\PYZcb{}\PYZcb{}\PYZcb{}\PYZcb{}\PYZcb{}
                                                  
The control sequence at the end of the top line
of your error message was never \def'ed. If you have
misspelled it (e.g., `\hobx'), type `I' and the correct
spelling (e.g., `I\hbox'). Otherwise just continue,
and I'll forget about whatever was undefined.

! Undefined control sequence.
<argument> \PYZbs 
                  {}def\PYZbs {}PY\PYZsh {}1\PYZsh {}2\PYZob {}\PYZbs {}PY@r...
l.11 ...bs{}PY@do\PYZob{}\PYZsh{}2\PYZcb{}\PYZcb{}
                                                  
The control sequence at the end of the top line
of your error message was never \def'ed. If you have
misspelled it (e.g., `\hobx'), type `I' and the correct
spelling (e.g., `I\hbox'). Otherwise just continue,
and I'll forget about whatever was undefined.

! Undefined control sequence.
<argument> \PYZbs {}def\PYZbs 
                              {}PY\PYZsh {}1\PYZsh {}2\PYZob {}\PYZbs {}PY@r...
l.11 ...bs{}PY@do\PYZob{}\PYZsh{}2\PYZcb{}\PYZcb{}
                                                  
The control sequence at the end of the top line
of your error message was never \def'ed. If you have
misspelled it (e.g., `\hobx'), type `I' and the correct
spelling (e.g., `I\hbox'). Otherwise just continue,
and I'll forget about whatever was undefined.

! Undefined control sequence.
<argument> \PYZbs {}def\PYZbs {}PY\PYZsh 
                                         {}1\PYZsh {}2\PYZob {}\PYZbs {}PY@r...
l.11 ...bs{}PY@do\PYZob{}\PYZsh{}2\PYZcb{}\PYZcb{}
                                                  
The control sequence at the end of the top line
of your error message was never \def'ed. If you have
misspelled it (e.g., `\hobx'), type `I' and the correct
spelling (e.g., `I\hbox'). Otherwise just continue,
and I'll forget about whatever was undefined.

! Undefined control sequence.
<argument> ...bs {}def\PYZbs {}PY\PYZsh {}1\PYZsh 
                                                  {}2\PYZob {}\PYZbs {}PY@re...
l.11 ...bs{}PY@do\PYZob{}\PYZsh{}2\PYZcb{}\PYZcb{}
                                                  
The control sequence at the end of the top line
of your error message was never \def'ed. If you have
misspelled it (e.g., `\hobx'), type `I' and the correct
spelling (e.g., `I\hbox'). Otherwise just continue,
and I'll forget about whatever was undefined.

! Undefined control sequence.
<argument> ...YZbs {}PY\PYZsh {}1\PYZsh {}2\PYZob 
                                                  {}\PYZbs {}PY@reset\PYZbs ...
l.11 ...bs{}PY@do\PYZob{}\PYZsh{}2\PYZcb{}\PYZcb{}
                                                  
The control sequence at the end of the top line
of your error message was never \def'ed. If you have
misspelled it (e.g., `\hobx'), type `I' and the correct
spelling (e.g., `I\hbox'). Otherwise just continue,
and I'll forget about whatever was undefined.

! Undefined control sequence.
<argument> ...\PYZsh {}1\PYZsh {}2\PYZob {}\PYZbs 
                                                  {}PY@reset\PYZbs {}PY@toks...
l.11 ...bs{}PY@do\PYZob{}\PYZsh{}2\PYZcb{}\PYZcb{}
                                                  
The control sequence at the end of the top line
of your error message was never \def'ed. If you have
misspelled it (e.g., `\hobx'), type `I' and the correct
spelling (e.g., `I\hbox'). Otherwise just continue,
and I'll forget about whatever was undefined.

! Undefined control sequence.
<argument> ...{}2\PYZob {}\PYZbs {}PY@reset\PYZbs 
                                                  {}PY@toks\PYZsh {}1+\PYZbs...
l.11 ...bs{}PY@do\PYZob{}\PYZsh{}2\PYZcb{}\PYZcb{}
                                                  
The control sequence at the end of the top line
of your error message was never \def'ed. If you have
misspelled it (e.g., `\hobx'), type `I' and the correct
spelling (e.g., `I\hbox'). Otherwise just continue,
and I'll forget about whatever was undefined.

! Undefined control sequence.
<argument> ...bs {}PY@reset\PYZbs {}PY@toks\PYZsh 
                                                  {}1+\PYZbs {}relax+\PYZbs ...
l.11 ...bs{}PY@do\PYZob{}\PYZsh{}2\PYZcb{}\PYZcb{}
                                                  
The control sequence at the end of the top line
of your error message was never \def'ed. If you have
misspelled it (e.g., `\hobx'), type `I' and the correct
spelling (e.g., `I\hbox'). Otherwise just continue,
and I'll forget about whatever was undefined.

! Undefined control sequence.
<argument> ...et\PYZbs {}PY@toks\PYZsh {}1+\PYZbs 
                                                  {}relax+\PYZbs {}PY@do\PYZ...
l.11 ...bs{}PY@do\PYZob{}\PYZsh{}2\PYZcb{}\PYZcb{}
                                                  
The control sequence at the end of the top line
of your error message was never \def'ed. If you have
misspelled it (e.g., `\hobx'), type `I' and the correct
spelling (e.g., `I\hbox'). Otherwise just continue,
and I'll forget about whatever was undefined.

! Undefined control sequence.
<argument> ...oks\PYZsh {}1+\PYZbs {}relax+\PYZbs 
                                                  {}PY@do\PYZob {}\PYZsh {}2...
l.11 ...bs{}PY@do\PYZob{}\PYZsh{}2\PYZcb{}\PYZcb{}
                                                  
The control sequence at the end of the top line
of your error message was never \def'ed. If you have
misspelled it (e.g., `\hobx'), type `I' and the correct
spelling (e.g., `I\hbox'). Otherwise just continue,
and I'll forget about whatever was undefined.

! Undefined control sequence.
<argument> ...\PYZbs {}relax+\PYZbs {}PY@do\PYZob 
                                                  {}\PYZsh {}2\PYZcb {}\PYZc...
l.11 ...bs{}PY@do\PYZob{}\PYZsh{}2\PYZcb{}\PYZcb{}
                                                  
The control sequence at the end of the top line
of your error message was never \def'ed. If you have
misspelled it (e.g., `\hobx'), type `I' and the correct
spelling (e.g., `I\hbox'). Otherwise just continue,
and I'll forget about whatever was undefined.

! Undefined control sequence.
<argument> ...relax+\PYZbs {}PY@do\PYZob {}\PYZsh 
                                                  {}2\PYZcb {}\PYZcb {}
l.11 ...bs{}PY@do\PYZob{}\PYZsh{}2\PYZcb{}\PYZcb{}
                                                  
The control sequence at the end of the top line
of your error message was never \def'ed. If you have
misspelled it (e.g., `\hobx'), type `I' and the correct
spelling (e.g., `I\hbox'). Otherwise just continue,
and I'll forget about whatever was undefined.

! Undefined control sequence.
<argument> ...bs {}PY@do\PYZob {}\PYZsh {}2\PYZcb 
                                                  {}\PYZcb {}
l.11 ...bs{}PY@do\PYZob{}\PYZsh{}2\PYZcb{}\PYZcb{}
                                                  
The control sequence at the end of the top line
of your error message was never \def'ed. If you have
misspelled it (e.g., `\hobx'), type `I' and the correct
spelling (e.g., `I\hbox'). Otherwise just continue,
and I'll forget about whatever was undefined.

! Undefined control sequence.
<argument> ...o\PYZob {}\PYZsh {}2\PYZcb {}\PYZcb 
                                                  {}
l.11 ...bs{}PY@do\PYZob{}\PYZsh{}2\PYZcb{}\PYZcb{}
                                                  
The control sequence at the end of the top line
of your error message was never \def'ed. If you have
misspelled it (e.g., `\hobx'), type `I' and the correct
spelling (e.g., `I\hbox'). Otherwise just continue,
and I'll forget about whatever was undefined.

! Undefined control sequence.
<argument> \PYZbs 
                  {}expandafter\PYZbs {}def\PYZbs {}csname PY@tok@gu\PYZbs {...
l.13 ...}\PYZsh{}\PYZsh{}1\PYZcb{}\PYZcb{}\PYZcb{}
                                                  
The control sequence at the end of the top line
of your error message was never \def'ed. If you have
misspelled it (e.g., `\hobx'), type `I' and the correct
spelling (e.g., `I\hbox'). Otherwise just continue,
and I'll forget about whatever was undefined.

! Undefined control sequence.
<argument> \PYZbs {}expandafter\PYZbs 
                                      {}def\PYZbs {}csname PY@tok@gu\PYZbs {...
l.13 ...}\PYZsh{}\PYZsh{}1\PYZcb{}\PYZcb{}\PYZcb{}
                                                  
The control sequence at the end of the top line
of your error message was never \def'ed. If you have
misspelled it (e.g., `\hobx'), type `I' and the correct
spelling (e.g., `I\hbox'). Otherwise just continue,
and I'll forget about whatever was undefined.

! Undefined control sequence.
<argument> \PYZbs {}expandafter\PYZbs {}def\PYZbs 
                                                  {}csname PY@tok@gu\PYZbs {...
l.13 ...}\PYZsh{}\PYZsh{}1\PYZcb{}\PYZcb{}\PYZcb{}
                                                  
The control sequence at the end of the top line
of your error message was never \def'ed. If you have
misspelled it (e.g., `\hobx'), type `I' and the correct
spelling (e.g., `I\hbox'). Otherwise just continue,
and I'll forget about whatever was undefined.

! Undefined control sequence.
<argument> ...}def\PYZbs {}csname PY@tok@gu\PYZbs 
                                                  {}endcsname\PYZob {}\PYZbs...
l.13 ...}\PYZsh{}\PYZsh{}1\PYZcb{}\PYZcb{}\PYZcb{}
                                                  
The control sequence at the end of the top line
of your error message was never \def'ed. If you have
misspelled it (e.g., `\hobx'), type `I' and the correct
spelling (e.g., `I\hbox'). Otherwise just continue,
and I'll forget about whatever was undefined.

! Undefined control sequence.
<argument> ...e PY@tok@gu\PYZbs {}endcsname\PYZob 
                                                  {}\PYZbs {}def\PYZbs {}PY@...
l.13 ...}\PYZsh{}\PYZsh{}1\PYZcb{}\PYZcb{}\PYZcb{}
                                                  
The control sequence at the end of the top line
of your error message was never \def'ed. If you have
misspelled it (e.g., `\hobx'), type `I' and the correct
spelling (e.g., `I\hbox'). Otherwise just continue,
and I'll forget about whatever was undefined.

! Undefined control sequence.
<argument> ...gu\PYZbs {}endcsname\PYZob {}\PYZbs 
                                                  {}def\PYZbs {}PY@tc\PYZsh ...
l.13 ...}\PYZsh{}\PYZsh{}1\PYZcb{}\PYZcb{}\PYZcb{}
                                                  
The control sequence at the end of the top line
of your error message was never \def'ed. If you have
misspelled it (e.g., `\hobx'), type `I' and the correct
spelling (e.g., `I\hbox'). Otherwise just continue,
and I'll forget about whatever was undefined.

! Undefined control sequence.
<argument> ...ndcsname\PYZob {}\PYZbs {}def\PYZbs 
                                                  {}PY@tc\PYZsh {}\PYZsh {}1...
l.13 ...}\PYZsh{}\PYZsh{}1\PYZcb{}\PYZcb{}\PYZcb{}
                                                  
The control sequence at the end of the top line
of your error message was never \def'ed. If you have
misspelled it (e.g., `\hobx'), type `I' and the correct
spelling (e.g., `I\hbox'). Otherwise just continue,
and I'll forget about whatever was undefined.

! Undefined control sequence.
<argument> ... {}\PYZbs {}def\PYZbs {}PY@tc\PYZsh 
                                                  {}\PYZsh {}1\PYZob {}\PYZb...
l.13 ...}\PYZsh{}\PYZsh{}1\PYZcb{}\PYZcb{}\PYZcb{}
                                                  
The control sequence at the end of the top line
of your error message was never \def'ed. If you have
misspelled it (e.g., `\hobx'), type `I' and the correct
spelling (e.g., `I\hbox'). Otherwise just continue,
and I'll forget about whatever was undefined.

! Undefined control sequence.
<argument> ... {}def\PYZbs {}PY@tc\PYZsh {}\PYZsh 
                                                  {}1\PYZob {}\PYZbs {}textc...
l.13 ...}\PYZsh{}\PYZsh{}1\PYZcb{}\PYZcb{}\PYZcb{}
                                                  
The control sequence at the end of the top line
of your error message was never \def'ed. If you have
misspelled it (e.g., `\hobx'), type `I' and the correct
spelling (e.g., `I\hbox'). Otherwise just continue,
and I'll forget about whatever was undefined.

! Undefined control sequence.
<argument> ...bs {}PY@tc\PYZsh {}\PYZsh {}1\PYZob 
                                                  {}\PYZbs {}textcolor[rgb]\...
l.13 ...}\PYZsh{}\PYZsh{}1\PYZcb{}\PYZcb{}\PYZcb{}
                                                  
(That makes 100 errors; please try again.) 
Here is how much of TeX's memory you used:
 16418 strings out of 495658
 325512 string characters out of 6187950
 380542 words of memory out of 5000000
 19310 multiletter control sequences out of 15000+600000
 7267 words of font info for 56 fonts, out of 8000000 for 9000
 14 hyphenation exceptions out of 8191
 38i,8n,51p,10395b,360s stack positions out of 5000i,500n,10000p,200000b,80000s

Output written on ../pdf/report.pdf (30 pages).
